c:\devellopement\cpp\openglproject\xmotor\openglproject\debug\vc141.pdb
c:\devellopement\cpp\openglproject\xmotor\openglproject\debug\vc141.idb
c:\devellopement\cpp\openglproject\xmotor\openglproject\debug\texture.obj
c:\devellopement\cpp\openglproject\xmotor\openglproject\debug\shader.obj
c:\devellopement\cpp\openglproject\xmotor\openglproject\debug\model.obj
c:\devellopement\cpp\openglproject\xmotor\openglproject\debug\input.obj
c:\devellopement\cpp\openglproject\xmotor\openglproject\debug\gameobject.obj
c:\devellopement\cpp\openglproject\xmotor\openglproject\debug\cube.obj
c:\devellopement\cpp\openglproject\xmotor\openglproject\debug\caisse.obj
c:\devellopement\cpp\openglproject\xmotor\openglproject\debug\surface.obj
c:\devellopement\cpp\openglproject\xmotor\openglproject\debug\sceneopengl.obj
c:\devellopement\cpp\openglproject\xmotor\openglproject\debug\scene.obj
c:\devellopement\cpp\openglproject\xmotor\openglproject\debug\camera.obj
c:\devellopement\cpp\openglproject\xmotor\openglproject\debug\vertexbufferobject.obj
c:\devellopement\cpp\openglproject\xmotor\openglproject\debug\vertexarrayobject.obj
c:\devellopement\cpp\openglproject\xmotor\openglproject\debug\main.obj
c:\devellopement\cpp\openglproject\xmotor\openglproject\debug\indexbufferobject.obj
c:\devellopement\cpp\openglproject\xmotor\debug\openglproject.exe
c:\devellopement\cpp\openglproject\xmotor\debug\openglproject.ilk
c:\devellopement\cpp\openglproject\xmotor\debug\openglproject.pdb
c:\devellopement\cpp\openglproject\xmotor\openglproject\debug\openglproject.res
c:\devellopement\cpp\openglproject\xmotor\openglproject\debug\vertexbufferobject.obj.enc
c:\devellopement\cpp\openglproject\xmotor\openglproject\debug\openglproject.tlog\cl.command.1.tlog
c:\devellopement\cpp\openglproject\xmotor\openglproject\debug\openglproject.tlog\cl.read.1.tlog
c:\devellopement\cpp\openglproject\xmotor\openglproject\debug\openglproject.tlog\cl.write.1.tlog
c:\devellopement\cpp\openglproject\xmotor\openglproject\debug\openglproject.tlog\link.command.1.tlog
c:\devellopement\cpp\openglproject\xmotor\openglproject\debug\openglproject.tlog\link.read.1.tlog
c:\devellopement\cpp\openglproject\xmotor\openglproject\debug\openglproject.tlog\link.write.1.tlog
c:\devellopement\cpp\openglproject\xmotor\openglproject\debug\openglproject.tlog\rc.command.1.tlog
c:\devellopement\cpp\openglproject\xmotor\openglproject\debug\openglproject.tlog\rc.read.1.tlog
c:\devellopement\cpp\openglproject\xmotor\openglproject\debug\openglproject.tlog\rc.write.1.tlog
